<?xml version="1.0" encoding="UTF-8"?>
<coverage generated="1658393524400" clover="3.2.0">
  <project timestamp="1658393524400" name="All files">
    <metrics statements="29" coveredstatements="29" conditionals="14" coveredconditionals="14" methods="5" coveredmethods="5" elements="48" coveredelements="48" complexity="0" loc="29" ncloc="29" packages="1" files="1" classes="1"/>
    <file name="utils.js" path="/mnt/c/frontend-project-lvl2/src/utils.js">
      <metrics statements="29" coveredstatements="29" conditionals="14" coveredconditionals="14" methods="5" coveredmethods="5"/>
      <line num="5" count="4" type="stmt"/>
      <line num="7" count="1" type="stmt"/>
      <line num="8" count="1" type="stmt"/>
      <line num="9" count="1" type="stmt"/>
      <line num="10" count="6" type="stmt"/>
      <line num="12" count="1" type="stmt"/>
      <line num="15" count="1" type="stmt"/>
      <line num="16" count="2" type="stmt"/>
      <line num="17" count="2" type="stmt"/>
      <line num="20" count="1" type="stmt"/>
      <line num="21" count="2" type="stmt"/>
      <line num="22" count="2" type="stmt"/>
      <line num="25" count="1" type="stmt"/>
      <line num="26" count="1" type="stmt"/>
      <line num="27" count="1" type="stmt"/>
      <line num="28" count="1" type="stmt"/>
      <line num="29" count="1" type="stmt"/>
      <line num="30" count="1" type="stmt"/>
      <line num="31" count="1" type="stmt"/>
      <line num="32" count="4" type="cond" truecount="4" falsecount="0"/>
      <line num="33" count="1" type="stmt"/>
      <line num="35" count="4" type="cond" truecount="5" falsecount="0"/>
      <line num="36" count="3" type="stmt"/>
      <line num="39" count="1" type="stmt"/>
      <line num="40" count="3" type="cond" truecount="5" falsecount="0"/>
      <line num="41" count="2" type="stmt"/>
      <line num="44" count="1" type="stmt"/>
      <line num="45" count="1" type="stmt"/>
      <line num="46" count="1" type="stmt"/>
    </file>
  </project>
</coverage>
