{"/mnt/c/Users/Vikus/frontend-project-lvl2/src/utils.js": {"path":"/mnt/c/Users/Vikus/frontend-project-lvl2/src/utils.js","statementMap":{"0":{"start":{"line":5,"column":20},"end":{"line":5,"column":118}},"1":{"start":{"line":5,"column":34},"end":{"line":5,"column":118}},"2":{"start":{"line":7,"column":31},"end":{"line":13,"column":1}},"3":{"start":{"line":8,"column":28},"end":{"line":8,"column":30}},"4":{"start":{"line":9,"column":2},"end":{"line":11,"column":3}},"5":{"start":{"line":9,"column":15},"end":{"line":9,"column":16}},"6":{"start":{"line":10,"column":4},"end":{"line":10,"column":126}},"7":{"start":{"line":12,"column":2},"end":{"line":12,"column":38}},"8":{"start":{"line":15,"column":16},"end":{"line":18,"column":1}},"9":{"start":{"line":16,"column":15},"end":{"line":16,"column":49}},"10":{"start":{"line":17,"column":2},"end":{"line":17,"column":14}},"11":{"start":{"line":20,"column":18},"end":{"line":23,"column":1}},"12":{"start":{"line":21,"column":17},"end":{"line":21,"column":53}},"13":{"start":{"line":22,"column":2},"end":{"line":22,"column":16}},"14":{"start":{"line":25,"column":16},"end":{"line":52,"column":1}},"15":{"start":{"line":26,"column":28},"end":{"line":26,"column":54}},"16":{"start":{"line":27,"column":28},"end":{"line":27,"column":54}},"17":{"start":{"line":28,"column":30},"end":{"line":28,"column":58}},"18":{"start":{"line":29,"column":30},"end":{"line":29,"column":58}},"19":{"start":{"line":30,"column":20},"end":{"line":30,"column":22}},"20":{"start":{"line":31,"column":2},"end":{"line":41,"column":3}},"21":{"start":{"line":31,"column":15},"end":{"line":31,"column":16}},"22":{"start":{"line":32,"column":4},"end":{"line":35,"column":5}},"23":{"start":{"line":34,"column":6},"end":{"line":34,"column":98}},"24":{"start":{"line":36,"column":4},"end":{"line":40,"column":5}},"25":{"start":{"line":39,"column":6},"end":{"line":39,"column":98}},"26":{"start":{"line":42,"column":2},"end":{"line":48,"column":3}},"27":{"start":{"line":42,"column":15},"end":{"line":42,"column":16}},"28":{"start":{"line":43,"column":4},"end":{"line":47,"column":5}},"29":{"start":{"line":46,"column":6},"end":{"line":46,"column":98}},"30":{"start":{"line":49,"column":2},"end":{"line":49,"column":47}},"31":{"start":{"line":50,"column":30},"end":{"line":50,"column":65}},"32":{"start":{"line":51,"column":2},"end":{"line":51,"column":29}}},"fnMap":{"0":{"name":"(anonymous_0)","decl":{"start":{"line":5,"column":20},"end":{"line":5,"column":21}},"loc":{"start":{"line":5,"column":34},"end":{"line":5,"column":118}},"line":5},"1":{"name":"(anonymous_1)","decl":{"start":{"line":7,"column":31},"end":{"line":7,"column":32}},"loc":{"start":{"line":7,"column":48},"end":{"line":13,"column":1}},"line":7},"2":{"name":"(anonymous_2)","decl":{"start":{"line":15,"column":16},"end":{"line":15,"column":17}},"loc":{"start":{"line":15,"column":30},"end":{"line":18,"column":1}},"line":15},"3":{"name":"(anonymous_3)","decl":{"start":{"line":20,"column":18},"end":{"line":20,"column":19}},"loc":{"start":{"line":20,"column":32},"end":{"line":23,"column":1}},"line":20},"4":{"name":"(anonymous_4)","decl":{"start":{"line":25,"column":16},"end":{"line":25,"column":17}},"loc":{"start":{"line":25,"column":58},"end":{"line":52,"column":1}},"line":25}},"branchMap":{"0":{"loc":{"start":{"line":32,"column":4},"end":{"line":35,"column":5}},"type":"if","locations":[{"start":{"line":32,"column":4},"end":{"line":35,"column":5}},{"start":{},"end":{}}],"line":32},"1":{"loc":{"start":{"line":32,"column":8},"end":{"line":33,"column":61}},"type":"binary-expr","locations":[{"start":{"line":32,"column":8},"end":{"line":32,"column":56}},{"start":{"line":33,"column":9},"end":{"line":33,"column":61}}],"line":32},"2":{"loc":{"start":{"line":36,"column":4},"end":{"line":40,"column":5}},"type":"if","locations":[{"start":{"line":36,"column":4},"end":{"line":40,"column":5}},{"start":{},"end":{}}],"line":36},"3":{"loc":{"start":{"line":36,"column":8},"end":{"line":38,"column":63}},"type":"binary-expr","locations":[{"start":{"line":36,"column":8},"end":{"line":36,"column":57}},{"start":{"line":37,"column":10},"end":{"line":37,"column":58}},{"start":{"line":38,"column":9},"end":{"line":38,"column":62}}],"line":36},"4":{"loc":{"start":{"line":43,"column":4},"end":{"line":47,"column":5}},"type":"if","locations":[{"start":{"line":43,"column":4},"end":{"line":47,"column":5}},{"start":{},"end":{}}],"line":43},"5":{"loc":{"start":{"line":43,"column":8},"end":{"line":45,"column":63}},"type":"binary-expr","locations":[{"start":{"line":43,"column":8},"end":{"line":43,"column":57}},{"start":{"line":44,"column":10},"end":{"line":44,"column":58}},{"start":{"line":45,"column":9},"end":{"line":45,"column":62}}],"line":43}},"s":{"0":1,"1":4,"2":1,"3":1,"4":1,"5":1,"6":6,"7":1,"8":1,"9":2,"10":2,"11":1,"12":2,"13":2,"14":1,"15":1,"16":1,"17":1,"18":1,"19":1,"20":1,"21":1,"22":4,"23":1,"24":4,"25":3,"26":1,"27":1,"28":3,"29":2,"30":1,"31":1,"32":1},"f":{"0":4,"1":1,"2":2,"3":2,"4":1},"b":{"0":[1,3],"1":[4,2],"2":[3,1],"3":[4,2,2],"4":[2,1],"5":[3,2,2]},"_coverageSchema":"1a1c01bbd47fc00a2c39e90264f33305004495a9","hash":"0c35a82dd62a1a00af9c0f13b7c45a8b5d383039"}
}
