TN:
SF:src/utils.js
FN:5,(anonymous_0)
FN:7,(anonymous_1)
FN:15,(anonymous_2)
FN:20,(anonymous_3)
FN:25,(anonymous_4)
FNF:5
FNH:5
FNDA:4,(anonymous_0)
FNDA:1,(anonymous_1)
FNDA:2,(anonymous_2)
FNDA:2,(anonymous_3)
FNDA:1,(anonymous_4)
DA:5,4
DA:7,1
DA:8,1
DA:9,1
DA:10,6
DA:12,1
DA:15,1
DA:16,2
DA:17,2
DA:20,1
DA:21,2
DA:22,2
DA:25,1
DA:26,1
DA:27,1
DA:28,1
DA:29,1
DA:30,1
DA:31,1
DA:32,4
DA:34,1
DA:36,4
DA:39,3
DA:42,1
DA:43,3
DA:46,2
DA:49,1
DA:50,1
DA:51,1
LF:29
LH:29
BRDA:32,0,0,1
BRDA:32,0,1,3
BRDA:32,1,0,4
BRDA:32,1,1,2
BRDA:36,2,0,3
BRDA:36,2,1,1
BRDA:36,3,0,4
BRDA:36,3,1,2
BRDA:36,3,2,2
BRDA:43,4,0,2
BRDA:43,4,1,1
BRDA:43,5,0,3
BRDA:43,5,1,2
BRDA:43,5,2,2
BRF:14
BRH:14
end_of_record
